<?xml version="1.0" encoding="UTF-8"?>
<!-- Generated by org.testng.reporters.JUnitReportReporter -->
<testsuite hostname="DESKTOP-1U1212V" failures="0" tests="2" name="selenium.testing2" time="0.000" errors="0" timestamp="18 Dec. 2021 22:53:11 GMT" skipped="0">
  <testcase classname="selenium.testing2" name="test5" time="0.000"/>
  <testcase classname="selenium.testing2" name="test4" time="0.000"/>
</testsuite> <!-- selenium.testing2 -->
