<?xml version="1.0" encoding="UTF-8"?>
<!-- Generated by org.testng.reporters.JUnitReportReporter -->
<testsuite hostname="DESKTOP-1U1212V" failures="0" tests="6" name="selenium.Testing1" time="0.022" errors="0" timestamp="2022-05-08T22:49:01 EDT" skipped="0">
  <testcase classname="selenium.Testing1" name="f" time="0.008"/>
  <system-out/>
  <testcase classname="selenium.Testing1" name="f" time="0.005"/>
  <system-out/>
  <testcase classname="selenium.Testing1" name="test1" time="0.001"/>
  <system-out/>
  <testcase classname="selenium.Testing1" name="test3" time="0.001"/>
  <system-out/>
  <testcase classname="selenium.Testing1" name="f" time="0.005"/>
  <system-out/>
  <testcase classname="selenium.Testing1" name="test2" time="0.002"/>
  <system-out/>
</testsuite> <!-- selenium.Testing1 -->
